[2025-07-02 10:34:39] [INFO] - Database tables created.
2025-07-02 10:42:19,708 - INFO - Database tables created.
2025-07-02 10:43:36,468 - INFO - Database tables created.
2025-07-02 10:44:21,520 - INFO - Database tables created.
2025-07-02 10:44:37,387 - INFO - Database tables created.
2025-07-02 10:45:12,519 - INFO - Database tables created.
2025-07-02 10:45:30,423 - INFO - Login attempt for username: stang
2025-07-02 10:45:30,752 - INFO - User 'stang' logged in successfully.
2025-07-02 10:45:50,522 - INFO - Fetching ToDos for user stang
2025-07-02 10:45:50,534 - INFO - Found 1 ToDos for user stang
2025-07-02 10:45:58,948 - INFO - User stang is creating a ToDo: string
2025-07-02 10:45:58,977 - INFO - ToDo 'string' created with ID 2 by user stang
2025-07-02 10:46:07,700 - INFO - User stang requested ToDo with ID 1422
2025-07-02 10:46:07,707 - WARNING - ToDo with ID 1422 not found for user stang
2025-07-02 10:52:29,723 - INFO - Database tables created.
2025-07-02 10:59:25,322 - INFO - Database tables created.
2025-07-02 11:31:26,253 - INFO - Database tables created.
2025-07-02 12:29:29,565 - INFO - Database tables created.
2025-07-02 12:29:36,158 - INFO - Database tables created.
2025-07-02 12:29:39,442 - INFO - Database tables created.
2025-07-02 12:29:42,017 - INFO - Database tables created.
2025-07-02 12:29:45,083 - INFO - Database tables created.
2025-07-02 12:29:48,440 - INFO - Database tables created.
2025-07-02 12:29:50,345 - INFO - Database tables created.
2025-07-02 12:29:54,410 - INFO - Database tables created.
2025-07-02 12:29:56,152 - INFO - Database tables created.
2025-07-02 12:30:00,519 - INFO - Database tables created.
2025-07-02 12:30:02,838 - INFO - Database tables created.
2025-07-02 12:30:04,679 - INFO - Database tables created.
2025-07-02 12:30:06,954 - INFO - Database tables created.
2025-07-02 12:30:08,805 - INFO - Database tables created.
2025-07-02 12:30:10,498 - INFO - Database tables created.
2025-07-02 12:30:13,255 - INFO - Database tables created.
2025-07-02 12:30:14,962 - INFO - Database tables created.
2025-07-02 12:30:18,300 - INFO - Database tables created.
2025-07-02 12:30:21,845 - INFO - Database tables created.
2025-07-02 12:30:24,235 - INFO - Database tables created.
2025-07-02 12:30:28,815 - INFO - Database tables created.
2025-07-02 12:30:32,861 - INFO - Database tables created.
2025-07-02 12:30:35,014 - INFO - Database tables created.
2025-07-02 12:30:38,003 - INFO - Database tables created.
2025-07-02 12:30:41,293 - INFO - Database tables created.
2025-07-02 12:30:44,683 - INFO - Database tables created.
2025-07-02 12:30:47,776 - INFO - Database tables created.
2025-07-02 12:30:50,745 - INFO - Database tables created.
2025-07-02 12:30:52,995 - INFO - Database tables created.
2025-07-02 12:30:55,846 - INFO - Database tables created.
2025-07-02 12:30:57,940 - INFO - Database tables created.
2025-07-02 12:31:00,686 - INFO - Database tables created.
2025-07-02 12:31:03,743 - INFO - Database tables created.
2025-07-02 12:31:06,275 - INFO - Database tables created.
2025-07-02 12:31:09,405 - INFO - Database tables created.
2025-07-02 12:31:12,306 - INFO - Database tables created.
2025-07-02 12:31:14,567 - INFO - Database tables created.
2025-07-02 12:31:19,547 - INFO - Database tables created.
2025-07-02 12:31:21,386 - INFO - Database tables created.
2025-07-02 12:31:23,346 - INFO - Database tables created.
2025-07-02 12:31:26,345 - INFO - Database tables created.
2025-07-02 12:31:30,327 - INFO - Database tables created.
2025-07-02 12:31:32,663 - INFO - Database tables created.
2025-07-02 12:31:35,080 - INFO - Database tables created.
2025-07-02 12:31:37,009 - INFO - Database tables created.
2025-07-02 12:31:39,079 - INFO - Database tables created.
2025-07-02 12:31:41,850 - INFO - Database tables created.
2025-07-02 12:31:43,737 - INFO - Database tables created.
2025-07-02 12:31:47,511 - INFO - Database tables created.
2025-07-02 12:31:50,611 - INFO - Database tables created.
2025-07-02 12:31:54,152 - INFO - Database tables created.
2025-07-02 12:31:58,071 - INFO - Database tables created.
2025-07-02 12:32:00,943 - INFO - Database tables created.
2025-07-02 12:32:04,087 - INFO - Database tables created.
2025-07-02 12:32:06,236 - INFO - Database tables created.
2025-07-02 12:32:08,003 - INFO - Database tables created.
2025-07-02 12:32:10,065 - INFO - Database tables created.
2025-07-02 12:32:12,589 - INFO - Database tables created.
2025-07-02 12:32:14,604 - INFO - Database tables created.
2025-07-02 12:32:17,593 - INFO - Database tables created.
2025-07-02 12:32:19,197 - INFO - Database tables created.
2025-07-02 12:32:21,796 - INFO - Database tables created.
2025-07-02 12:32:23,989 - INFO - Database tables created.
2025-07-02 12:32:26,257 - INFO - Database tables created.
2025-07-02 12:32:28,980 - INFO - Database tables created.
2025-07-02 12:32:31,860 - INFO - Database tables created.
2025-07-02 12:32:34,397 - INFO - Database tables created.
2025-07-02 12:32:38,174 - INFO - Database tables created.
2025-07-02 12:32:40,205 - INFO - Database tables created.
2025-07-02 12:32:43,719 - INFO - Database tables created.
2025-07-02 12:32:45,879 - INFO - Database tables created.
2025-07-02 12:32:48,691 - INFO - Database tables created.
2025-07-02 12:32:51,217 - INFO - Database tables created.
2025-07-02 12:32:53,869 - INFO - Database tables created.
2025-07-02 12:32:56,954 - INFO - Database tables created.
2025-07-02 12:32:59,751 - INFO - Database tables created.
2025-07-02 12:33:02,482 - INFO - Database tables created.
2025-07-02 12:33:10,120 - INFO - Database tables created.
2025-07-02 12:33:14,107 - INFO - Database tables created.
2025-07-02 12:33:17,845 - INFO - Database tables created.
2025-07-02 12:33:20,192 - INFO - Database tables created.
2025-07-02 12:33:22,920 - INFO - Database tables created.
2025-07-02 12:33:25,468 - INFO - Database tables created.
2025-07-02 12:33:27,882 - INFO - Database tables created.
2025-07-02 12:33:30,224 - INFO - Database tables created.
2025-07-02 12:33:33,305 - INFO - Database tables created.
2025-07-02 12:33:36,981 - INFO - Database tables created.
2025-07-02 12:33:41,526 - INFO - Database tables created.
2025-07-02 12:33:43,782 - INFO - Database tables created.
2025-07-02 12:33:47,880 - INFO - Database tables created.
2025-07-02 12:33:50,380 - INFO - Database tables created.
2025-07-02 12:33:52,704 - INFO - Database tables created.
2025-07-02 12:33:54,478 - INFO - Database tables created.
2025-07-02 12:33:57,492 - INFO - Database tables created.
2025-07-02 12:34:00,137 - INFO - Database tables created.
2025-07-02 12:34:02,417 - INFO - Database tables created.
2025-07-02 12:34:04,750 - INFO - Database tables created.
2025-07-02 12:34:07,164 - INFO - Database tables created.
2025-07-02 12:34:10,966 - INFO - Database tables created.
2025-07-02 12:34:13,778 - INFO - Database tables created.
2025-07-02 12:34:17,125 - INFO - Database tables created.
2025-07-02 12:34:19,522 - INFO - Database tables created.
2025-07-02 12:34:21,589 - INFO - Database tables created.
2025-07-02 12:34:23,834 - INFO - Database tables created.
2025-07-02 12:34:25,973 - INFO - Database tables created.
2025-07-02 12:34:28,015 - INFO - Database tables created.
2025-07-02 12:34:31,001 - INFO - Database tables created.
2025-07-02 12:34:36,674 - INFO - Database tables created.
2025-07-02 14:54:33,152 - INFO - Database tables created.
2025-07-02 14:54:35,084 - INFO - Database tables created.
2025-07-02 14:54:37,456 - INFO - Database tables created.
2025-07-02 14:54:39,763 - INFO - Database tables created.
2025-07-02 14:54:46,306 - INFO - Database tables created.
2025-07-02 14:54:47,784 - INFO - Database tables created.
2025-07-02 14:54:49,812 - INFO - Database tables created.
2025-07-02 14:54:51,323 - INFO - Database tables created.
2025-07-02 14:54:52,800 - INFO - Database tables created.
2025-07-02 14:55:07,454 - INFO - Database tables created.
2025-07-02 14:55:11,009 - INFO - Database tables created.
2025-07-02 14:55:12,980 - INFO - Database tables created.
2025-07-02 14:55:15,958 - INFO - Database tables created.
2025-07-02 14:55:18,592 - INFO - Database tables created.
2025-07-02 14:55:24,241 - INFO - Database tables created.
2025-07-02 14:55:25,747 - INFO - Database tables created.
2025-07-02 14:55:28,163 - INFO - Database tables created.
2025-07-02 14:55:29,687 - INFO - Database tables created.
2025-07-02 14:55:31,231 - INFO - Database tables created.
2025-07-02 14:55:32,674 - INFO - Database tables created.
2025-07-02 14:55:34,663 - INFO - Database tables created.
2025-07-02 14:55:36,122 - INFO - Database tables created.
2025-07-02 14:55:37,609 - INFO - Database tables created.
2025-07-02 14:55:41,464 - INFO - Database tables created.
2025-07-02 14:55:42,954 - INFO - Database tables created.
2025-07-02 14:55:44,944 - INFO - Database tables created.
2025-07-02 14:55:46,420 - INFO - Database tables created.
2025-07-02 14:55:47,882 - INFO - Database tables created.
2025-07-02 14:55:50,096 - INFO - Database tables created.
2025-07-02 14:55:51,593 - INFO - Database tables created.
2025-07-02 14:55:53,785 - INFO - Database tables created.
2025-07-02 14:56:00,159 - INFO - Database tables created.
2025-07-02 14:56:01,724 - INFO - Database tables created.
2025-07-02 14:56:03,257 - INFO - Database tables created.
2025-07-02 14:56:04,671 - INFO - Database tables created.
2025-07-02 14:56:06,132 - INFO - Database tables created.
2025-07-02 14:56:07,528 - INFO - Database tables created.
2025-07-02 14:56:09,062 - INFO - Database tables created.
2025-07-02 14:56:10,537 - INFO - Database tables created.
2025-07-02 14:56:12,488 - INFO - Database tables created.
2025-07-02 14:56:13,912 - INFO - Database tables created.
2025-07-02 14:56:15,428 - INFO - Database tables created.
2025-07-02 14:56:16,903 - INFO - Database tables created.
2025-07-02 14:56:18,783 - INFO - Database tables created.
2025-07-02 14:56:23,013 - INFO - Database tables created.
2025-07-02 14:56:24,554 - INFO - Database tables created.
2025-07-02 14:56:27,083 - INFO - Database tables created.
2025-07-02 14:56:29,083 - INFO - Database tables created.
2025-07-02 14:56:30,503 - INFO - Database tables created.
2025-07-02 14:56:32,373 - INFO - Database tables created.
2025-07-02 14:56:35,089 - INFO - Database tables created.
2025-07-02 14:56:36,522 - INFO - Database tables created.
2025-07-02 14:56:38,445 - INFO - Database tables created.
2025-07-02 14:56:42,469 - INFO - Database tables created.
2025-07-02 14:56:44,856 - INFO - Database tables created.
2025-07-02 14:56:46,712 - INFO - Database tables created.
2025-07-02 14:56:48,571 - INFO - Database tables created.
2025-07-02 14:56:50,014 - INFO - Database tables created.
2025-07-02 14:56:51,497 - INFO - Database tables created.
2025-07-02 14:56:53,768 - INFO - Database tables created.
2025-07-02 14:56:55,260 - INFO - Database tables created.
2025-07-02 14:56:57,618 - INFO - Database tables created.
2025-07-02 14:57:02,428 - INFO - Database tables created.
2025-07-02 14:57:03,784 - INFO - Database tables created.
2025-07-02 14:57:05,265 - INFO - Database tables created.
2025-07-02 14:57:07,273 - INFO - Database tables created.
2025-07-02 14:57:08,650 - INFO - Database tables created.
2025-07-02 14:57:10,821 - INFO - Database tables created.
2025-07-02 14:57:13,931 - INFO - Database tables created.
2025-07-02 14:57:16,776 - INFO - Database tables created.
2025-07-02 14:57:18,781 - INFO - Database tables created.
2025-07-02 14:57:20,887 - INFO - Database tables created.
2025-07-02 14:57:23,558 - INFO - Database tables created.
2025-07-02 14:57:24,933 - INFO - Database tables created.
2025-07-02 14:57:26,266 - INFO - Database tables created.
2025-07-02 14:57:27,598 - INFO - Database tables created.
2025-07-02 14:57:28,904 - INFO - Database tables created.
2025-07-02 14:57:30,198 - INFO - Database tables created.
2025-07-02 14:57:31,493 - INFO - Database tables created.
2025-07-02 14:57:32,818 - INFO - Database tables created.
2025-07-02 14:57:34,142 - INFO - Database tables created.
2025-07-02 14:57:35,446 - INFO - Database tables created.
2025-07-02 14:57:36,771 - INFO - Database tables created.
2025-07-02 14:57:48,400 - INFO - Database tables created.
2025-07-02 14:57:49,710 - INFO - Database tables created.
2025-07-02 14:57:50,999 - INFO - Database tables created.
2025-07-02 14:58:04,215 - INFO - Database tables created.
2025-07-02 14:58:05,541 - INFO - Database tables created.
2025-07-02 14:58:07,075 - INFO - Database tables created.
2025-07-02 14:58:08,393 - INFO - Database tables created.
2025-07-02 14:58:10,145 - INFO - Database tables created.
2025-07-02 14:58:11,463 - INFO - Database tables created.
2025-07-02 14:58:12,772 - INFO - Database tables created.
2025-07-02 14:58:14,109 - INFO - Database tables created.
2025-07-02 14:58:15,387 - INFO - Database tables created.
2025-07-02 14:58:16,652 - INFO - Database tables created.
2025-07-02 14:58:17,955 - INFO - Database tables created.
2025-07-02 14:58:22,971 - INFO - Database tables created.
2025-07-02 14:58:24,249 - INFO - Database tables created.
2025-07-02 14:58:25,540 - INFO - Database tables created.
2025-07-02 14:58:26,816 - INFO - Database tables created.
2025-07-02 14:58:28,117 - INFO - Database tables created.
2025-07-02 14:58:29,816 - INFO - Database tables created.
2025-07-02 14:58:35,080 - INFO - Database tables created.
2025-07-02 14:58:36,399 - INFO - Database tables created.
2025-07-02 14:58:37,701 - INFO - Database tables created.
2025-07-02 14:58:40,093 - INFO - Database tables created.
2025-07-02 14:58:41,463 - INFO - Database tables created.
2025-07-02 14:58:42,798 - INFO - Database tables created.
2025-07-02 14:58:44,109 - INFO - Database tables created.
2025-07-02 14:58:45,399 - INFO - Database tables created.
2025-07-02 14:58:46,714 - INFO - Database tables created.
2025-07-02 14:58:48,032 - INFO - Database tables created.
2025-07-02 14:58:49,347 - INFO - Database tables created.
2025-07-02 14:58:50,649 - INFO - Database tables created.
2025-07-02 14:58:52,009 - INFO - Database tables created.
2025-07-02 14:58:53,327 - INFO - Database tables created.
2025-07-02 14:58:54,656 - INFO - Database tables created.
2025-07-02 14:58:56,004 - INFO - Database tables created.
2025-07-02 14:58:57,346 - INFO - Database tables created.
2025-07-02 14:58:58,637 - INFO - Database tables created.
2025-07-02 14:58:59,933 - INFO - Database tables created.
2025-07-02 14:59:04,591 - INFO - Database tables created.
2025-07-02 14:59:05,882 - INFO - Database tables created.
2025-07-02 14:59:08,480 - INFO - Database tables created.
2025-07-02 14:59:09,824 - INFO - Database tables created.
2025-07-02 14:59:11,176 - INFO - Database tables created.
2025-07-02 14:59:14,970 - INFO - Database tables created.
2025-07-02 14:59:16,162 - INFO - Database tables created.
2025-07-02 14:59:22,627 - INFO - Database tables created.
2025-07-02 14:59:24,688 - INFO - Database tables created.
2025-07-02 14:59:26,987 - INFO - Database tables created.
2025-07-02 14:59:28,316 - INFO - Database tables created.
2025-07-02 14:59:29,669 - INFO - Database tables created.
2025-07-02 14:59:30,978 - INFO - Database tables created.
2025-07-02 14:59:32,271 - INFO - Database tables created.
2025-07-02 14:59:33,561 - INFO - Database tables created.
2025-07-02 14:59:34,872 - INFO - Database tables created.
2025-07-02 14:59:36,303 - INFO - Database tables created.
2025-07-02 14:59:37,960 - INFO - Database tables created.
2025-07-02 14:59:39,363 - INFO - Database tables created.
2025-07-02 14:59:47,698 - INFO - Database tables created.
2025-07-02 14:59:49,073 - INFO - Database tables created.
2025-07-02 14:59:55,009 - INFO - Database tables created.
2025-07-02 14:59:56,596 - INFO - Database tables created.
2025-07-02 14:59:58,000 - INFO - Database tables created.
2025-07-02 14:59:59,354 - INFO - Database tables created.
2025-07-02 15:00:01,342 - INFO - Database tables created.
2025-07-02 15:00:03,165 - INFO - Database tables created.
2025-07-02 15:00:04,581 - INFO - Database tables created.
2025-07-02 15:00:05,940 - INFO - Database tables created.
2025-07-02 15:00:07,348 - INFO - Database tables created.
2025-07-02 15:00:08,764 - INFO - Database tables created.
2025-07-03 12:47:51,836 - INFO - Database tables created.
2025-07-04 17:05:20,717 - INFO - Database tables created.
2025-07-07 17:09:41,121 - INFO - Database tables created.
2025-07-07 17:09:56,396 - INFO - Login attempt for username: stang
2025-07-07 17:09:56,748 - INFO - User 'stang' logged in successfully.
2025-07-07 17:22:04,758 - INFO - Database tables created.
2025-07-07 17:54:03,149 - INFO - Database tables created.
